adapter_sync/build/intermediates/manifest_merge_blame_file/debug/manifest-merger-blame-debug-report.txt
1<?xml version="1.0" encoding="utf-8"?>
2<manifest xmlns:android="http://schemas.android.com/apk/res/android"
3    package="com.assistant.adapter.sync"
4    android:versionCode="1"
5    android:versionName="1.0" >
6
7    <uses-sdk
8        android:minSdkVersion="26"
9        android:targetSdkVersion="36" />
10
11    <uses-permission android:name="android.permission.FOREGROUND_SERVICE" />
11-->src/main/AndroidManifest.xml:4:5-77
11-->src/main/AndroidManifest.xml:4:22-74
12    <uses-permission android:name="android.permission.FOREGROUND_SERVICE_SPECIAL_USE" />
12-->src/main/AndroidManifest.xml:5:5-89
12-->src/main/AndroidManifest.xml:5:22-86
13
14    <application
14-->src/main/AndroidManifest.xml:7:5-21:19
15        android:allowBackup="false"
15-->src/main/AndroidManifest.xml:8:9-36
16        android:debuggable="true"
17        android:extractNativeLibs="false"
18        android:hardwareAccelerated="true"
18-->src/main/AndroidManifest.xml:11:9-43
19        android:icon="@drawable/ic_extension"
19-->src/main/AndroidManifest.xml:9:9-46
20        android:label="Splendor Sync Adapter" >
20-->src/main/AndroidManifest.xml:10:9-46
21        <service
21-->src/main/AndroidManifest.xml:13:9-20:19
22            android:name="com.assistant.adapter.sync.SyncAdapterService"
22-->src/main/AndroidManifest.xml:14:13-47
23            android:exported="true"
23-->src/main/AndroidManifest.xml:15:13-36
24            android:foregroundServiceType="specialUse"
24-->src/main/AndroidManifest.xml:17:13-55
25            android:process=":kernel_sync" >
25-->src/main/AndroidManifest.xml:16:13-43
26            <property
26-->src/main/AndroidManifest.xml:18:13-19:121
27                android:name="android.app.PROPERTY_SPECIAL_USE_FGS_SUBTYPE"
27-->src/main/AndroidManifest.xml:18:23-82
28                android:value="Synchronizes frame updates and graphics commands during system rendering events." />
28-->src/main/AndroidManifest.xml:19:23-119
29        </service>
30    </application>
31
32</manifest>